1515771849264	geckodriver	INFO	geckodriver 0.19.1
1515771849277	geckodriver	INFO	Listening on 127.0.0.1:54431
1515771852395	mozrunner::runner	INFO	Running command: "C:\\Program Files (x86)\\Mozilla Firefox\\firefox.exe" "-marionette" "-profile" "C:\\Users\\2\\AppData\\Local\\Temp\\rust_mozprofile.8zG7WL0ImPrl"
1515771853439	Marionette	INFO	Enabled via --marionette
Unable to read VR Path Registry from C:\Users\2\AppData\Local\openvr\openvrpaths.vrpath
[Child 1212, Chrome_ChildThread] WARNING: pipe error: 109: file z:/build/build/src/ipc/chromium/src/chrome/common/ipc_channel_win.cc, line 346
[Child 1212, Chrome_ChildThread] WARNING: pipe error: 109: file z:/build/build/src/ipc/chromium/src/chrome/common/ipc_channel_win.cc, line 346
1515771855873	Marionette	INFO	Listening on port 54439
1515771856031	Marionette	WARN	TLS certificate errors will be ignored for this session
1515771856162	Marionette	DEBUG	Register listener.js for window 4294967297
1515771856241	Marionette	DEBUG	Received DOM event "beforeunload" for "about:blank"
1515771856794	Marionette	DEBUG	Received DOM event "pagehide" for "about:blank"
1515771856794	Marionette	DEBUG	Received DOM event "unload" for "about:blank"
1515771857830	Marionette	DEBUG	Received DOM event "DOMContentLoaded" for "https://www.google.pl/search?q=performance-media&num=100"
1515771858812	Marionette	DEBUG	Received DOM event "pageshow" for "https://www.google.pl/search?q=performance-media&num=100"
Unable to read VR Path Registry from C:\Users\2\AppData\Local\openvr\openvrpaths.vrpath
JavaScript warning: https://cloudconvert.com/min/serve/g/873e4dbf27a861bd4036fe3d2fd617c3/lm/1512395196, line 131: unreachable code after return statement
Unable to read VR Path Registry from C:\Users\2\AppData\Local\openvr\openvrpaths.vrpath
[Parent 2264, Gecko_IOThread] WARNING: pipe error: 109: file z:/build/build/src/ipc/chromium/src/chrome/common/ipc_channel_win.cc, line 346
[Parent 2264, Gecko_IOThread] WARNING: pipe error: 109: file z:/build/build/src/ipc/chromium/src/chrome/common/ipc_channel_win.cc, line 346
Unable to read VR Path Registry from C:\Users\2\AppData\Local\openvr\openvrpaths.vrpath
[Child 8168, Chrome_ChildThread] WARNING: pipe error: 109: file z:/build/build/src/ipc/chromium/src/chrome/common/ipc_channel_win.cc, line 346
Unable to read VR Path Registry from C:\Users\2\AppData\Local\openvr\openvrpaths.vrpath
[Child 6780, Chrome_ChildThread] WARNING: pipe error: 109: file z:/build/build/src/ipc/chromium/src/chrome/common/ipc_channel_win.cc, line 346
[Child 6780, Chrome_ChildThread] WARNING: pipe error: 109: file z:/build/build/src/ipc/chromium/src/chrome/common/ipc_channel_win.cc, line 346

###!!! [Child][MessageChannel::SendAndWait] Error: Channel error: cannot send/recv

1515774041143	geckodriver	INFO	geckodriver 0.19.1
1515774041152	geckodriver	INFO	Listening on 127.0.0.1:55343
1515774044307	mozrunner::runner	INFO	Running command: "C:\\Program Files (x86)\\Mozilla Firefox\\firefox.exe" "-marionette" "-profile" "C:\\Users\\2\\AppData\\Local\\Temp\\rust_mozprofile.2h7DmqmlSjdq"
1515774045407	Marionette	INFO	Enabled via --marionette
Unable to read VR Path Registry from C:\Users\2\AppData\Local\openvr\openvrpaths.vrpath
[Child 9940, Chrome_ChildThread] WARNING: pipe error: 109: file z:/build/build/src/ipc/chromium/src/chrome/common/ipc_channel_win.cc, line 346
[Child 9940, Chrome_ChildThread] WARNING: pipe error: 109: file z:/build/build/src/ipc/chromium/src/chrome/common/ipc_channel_win.cc, line 346
1515774047934	Marionette	INFO	Listening on port 55351
1515774048434	Marionette	WARN	TLS certificate errors will be ignored for this session
1515774048547	Marionette	DEBUG	Register listener.js for window 4294967297
1515774048578	Marionette	DEBUG	Received DOM event "beforeunload" for "about:blank"
1515774049135	Marionette	DEBUG	Received DOM event "pagehide" for "about:blank"
1515774049136	Marionette	DEBUG	Received DOM event "unload" for "about:blank"
1515774050074	Marionette	DEBUG	Received DOM event "DOMContentLoaded" for "https://www.google.pl/search?q=performance-media&num=100"
1515774051011	Marionette	DEBUG	Received DOM event "pageshow" for "https://www.google.pl/search?q=performance-media&num=100"
Unable to read VR Path Registry from C:\Users\2\AppData\Local\openvr\openvrpaths.vrpath
[Parent 1896, Gecko_IOThread] WARNING: pipe error: 109: file z:/build/build/src/ipc/chromium/src/chrome/common/ipc_channel_win.cc, line 346
[Parent 1896, Gecko_IOThread] WARNING: pipe error: 109: file z:/build/build/src/ipc/chromium/src/chrome/common/ipc_channel_win.cc, line 346
Unable to read VR Path Registry from C:\Users\2\AppData\Local\openvr\openvrpaths.vrpath
[Child 16684, Chrome_ChildThread] WARNING: pipe error: 109: file z:/build/build/src/ipc/chromium/src/chrome/common/ipc_channel_win.cc, line 346
Unable to read VR Path Registry from C:\Users\2\AppData\Local\openvr\openvrpaths.vrpath
[Child 16696, Chrome_ChildThread] WARNING: pipe error: 109: file z:/build/build/src/ipc/chromium/src/chrome/common/ipc_channel_win.cc, line 346
[Child 16696, Chrome_ChildThread] WARNING: pipe error: 109: file z:/build/build/src/ipc/chromium/src/chrome/common/ipc_channel_win.cc, line 346
*** UTM:SVC TimerManager:registerTimer called after profile-before-change notification. Ignoring timer registration for id: telemetry_modules_ping

###!!! [Child][MessageChannel::SendAndWait] Error: Channel error: cannot send/recv

1515774085846	geckodriver	INFO	geckodriver 0.19.1
1515774085855	geckodriver	INFO	Listening on 127.0.0.1:55388
1515774089003	mozrunner::runner	INFO	Running command: "C:\\Program Files (x86)\\Mozilla Firefox\\firefox.exe" "-marionette" "-profile" "C:\\Users\\2\\AppData\\Local\\Temp\\rust_mozprofile.k2th8UrV582l"
1515774089921	Marionette	INFO	Enabled via --marionette
Unable to read VR Path Registry from C:\Users\2\AppData\Local\openvr\openvrpaths.vrpath
[Child 14512, Chrome_ChildThread] WARNING: pipe error: 109: file z:/build/build/src/ipc/chromium/src/chrome/common/ipc_channel_win.cc, line 346
[Child 14512, Chrome_ChildThread] WARNING: pipe error: 109: file z:/build/build/src/ipc/chromium/src/chrome/common/ipc_channel_win.cc, line 346
1515774092075	Marionette	INFO	Listening on port 55396
1515774092152	Marionette	WARN	TLS certificate errors will be ignored for this session
1515774092270	Marionette	DEBUG	Register listener.js for window 4294967297
1515774092313	Marionette	DEBUG	Received DOM event "beforeunload" for "about:blank"
1515774092816	Marionette	DEBUG	Received DOM event "pagehide" for "about:blank"
1515774092817	Marionette	DEBUG	Received DOM event "unload" for "about:blank"
1515774093673	Marionette	DEBUG	Received DOM event "DOMContentLoaded" for "https://www.google.pl/search?q=performance-media&num=100"
1515774094648	Marionette	DEBUG	Received DOM event "pageshow" for "https://www.google.pl/search?q=performance-media&num=100"
Unable to read VR Path Registry from C:\Users\2\AppData\Local\openvr\openvrpaths.vrpath
[Parent 7648, Gecko_IOThread] WARNING: pipe error: 109: file z:/build/build/src/ipc/chromium/src/chrome/common/ipc_channel_win.cc, line 346
Unable to read VR Path Registry from C:\Users\2\AppData\Local\openvr\openvrpaths.vrpath
[Child 5036, Chrome_ChildThread] WARNING: pipe error: 109: file z:/build/build/src/ipc/chromium/src/chrome/common/ipc_channel_win.cc, line 346

###!!! [Child][MessageChannel::SendAndWait] Error: (msgtype=0x440006,name=PImageBridge::Msg_WillClose) Channel error: cannot send/recv

Child 12556, Chrome_ChildThread] WARNING: pipe error: 109: file z:/build/build/src/ipc/chromium/src/chrome/common/ipc_channel_win.cc, line 346
1515774538819	Marionette	INFO	Listening on port 55957
1515774539033	Marionette	WARN	TLS certificate errors will be ignored for this session
1515774539192	Marionette	DEBUG	Register listener.js for window 4294967297
1515774539230	Marionette	DEBUG	Received DOM event "beforeunload" for "about:blank"
1515774539762	Marionette	DEBUG	Received DOM event "pagehide" for "about:blank"
1515774539762	Marionette	DEBUG	Received DOM event "unload" for "about:blank"
1515774540859	Marionette	DEBUG	Received DOM event "DOMContentLoaded" for "https://www.google.pl/search?q=performance-media&num=100"
1515774542072	Marionette	DEBUG	Received DOM event "pageshow" for "https://www.google.pl/search?q=performance-media&num=100"
Unable to read VR Path Registry from C:\Users\2\AppData\Local\openvr\openvrpaths.vrpath
[Parent 15896, Gecko_IOThread] WARNING: pipe error: 109: file z:/build/build/src/ipc/chromium/src/chrome/common/ipc_channel_win.cc, line 346
[Parent 15896, Gecko_IOThread] WARNING: pipe error: 109: file z:/build/build/src/ipc/chromium/src/chrome/common/ipc_channel_win.cc, line 346
Unable to read VR Path Registry from C:\Users\2\AppData\Local\openvr\openvrpaths.vrpath
[Child 848, Chrome_ChildThread] WARNING: pipe error: 109: file z:/build/build/src/ipc/chromium/src/chrome/common/ipc_channel_win.cc, line 346
Unable to read VR Path Registry from C:\Users\2\AppData\Local\openvr\openvrpaths.vrpath
[Child 8320, Chrome_ChildThread] WARNING: pipe error: 109: file z:/build/build/src/ipc/chromium/src/chrome/common/ipc_channel_win.cc, line 346
[Child 8320, Chrome_ChildThread] WARNING: pipe error: 109: file z:/build/build/src/ipc/chromium/src/chrome/common/ipc_channel_win.cc, line 346

###!!! [Child][MessageChannel::SendAndWait] Error: Channel error: cannot send/recv

1515777497307	geckodriver	INFO	geckodriver 0.19.1
1515777497318	geckodriver	INFO	Listening on 127.0.0.1:58497
1515777500425	mozrunner::runner	INFO	Running command: "C:\\Program Files (x86)\\Mozilla Firefox\\firefox.exe" "-marionette" "-profile" "C:\\Users\\2\\AppData\\Local\\Temp\\rust_mozprofile.ajvOqfvsaIBp"
1515777501433	Marionette	INFO	Enabled via --marionette
Unable to read VR Path Registry from C:\Users\2\AppData\Local\openvr\openvrpaths.vrpath
[Child 13804, Chrome_ChildThread] WARNING: pipe error: 109: file z:/build/build/src/ipc/chromium/src/chrome/common/ipc_channel_win.cc, line 346
1515777503737	Marionette	INFO	Listening on port 58505
1515777504044	Marionette	WARN	TLS certificate errors will be ignored for this session
1515777504178	Marionette	DEBUG	Register listener.js for window 4294967297
1515777504239	Marionette	DEBUG	Received DOM event "beforeunload" for "about:blank"
1515777504777	Marionette	DEBUG	Received DOM event "pagehide" for "about:blank"
1515777504777	Marionette	DEBUG	Received DOM event "unload" for "about:blank"
1515777505919	Marionette	DEBUG	Received DOM event "DOMContentLoaded" for "https://www.google.pl/search?q=performance-media&num=100"
1515777507159	Marionette	DEBUG	Received DOM event "pageshow" for "https://www.google.pl/search?q=performance-media&num=100"
Unable to read VR Path Registry from C:\Users\2\AppData\Local\openvr\openvrpaths.vrpath
[Parent 6752, Gecko_IOThread] WARNING: pipe error: 109: file z:/build/build/src/ipc/chromium/src/chrome/common/ipc_channel_win.cc, line 346
Unable to read VR Path Registry from C:\Users\2\AppData\Local\openvr\openvrpaths.vrpath
[Child 13372, Chrome_ChildThread] WARNING: pipe error: 109: file z:/build/build/src/ipc/chromium/src/chrome/common/ipc_channel_win.cc, line 346
[Child 13372, Chrome_ChildThread] WARNING: pipe error: 109: file z:/build/build/src/ipc/chromium/src/chrome/common/ipc_channel_win.cc, line 346
Unable to read VR Path Registry from C:\Users\2\AppData\Local\openvr\openvrpaths.vrpath
[Child 16784, Chrome_ChildThread] WARNING: pipe error: 109: file z:/build/build/src/ipc/chromium/src/chrome/common/ipc_channel_win.cc, line 346
[Child 16784, Chrome_ChildThread] WARNING: pipe error: 109: file z:/build/build/src/ipc/chromium/src/chrome/common/ipc_channel_win.cc, line 346
1515957488689	geckodriver	INFO	geckodriver 0.19.1
1515957488704	geckodriver	INFO	Listening on 127.0.0.1:64451
1515957491864	mozrunner::runner	INFO	Running command: "C:\\Program Files (x86)\\Mozilla Firefox\\firefox.exe" "-marionette" "-profile" "C:\\Users\\2\\AppData\\Local\\Temp\\rust_mozprofile.LvWMpIGFga9p"
1515957492935	Marionette	INFO	Enabled via --marionette
Unable to read VR Path Registry from C:\Users\2\AppData\Local\openvr\openvrpaths.vrpath
[Child 10992, Chrome_ChildThread] WARNING: pipe error: 109: file z:/build/build/src/ipc/chromium/src/chrome/common/ipc_channel_win.cc, line 346
[Child 10992, Chrome_ChildThread] WARNING: pipe error: 109: file z:/build/build/src/ipc/chromium/src/chrome/common/ipc_channel_win.cc, line 346
1515957495067	Marionette	INFO	Listening on port 64460
1515957495547	Marionette	WARN	TLS certificate errors will be ignored for this session
1515957495650	Marionette	DEBUG	Register listener.js for window 4294967297
1515957495676	Marionette	DEBUG	Received DOM event "beforeunload" for "about:blank"
1515957496207	Marionette	DEBUG	Received DOM event "pagehide" for "about:blank"
1515957496207	Marionette	DEBUG	Received DOM event "unload" for "about:blank"
1515957497243	Marionette	DEBUG	Received DOM event "DOMContentLoaded" for "https://www.google.pl/search?q=performance-media&num=100"
1515957498377	Marionette	DEBUG	Received DOM event "pageshow" for "https://www.google.pl/search?q=performance-media&num=100"
Unable to read VR Path Registry from C:\Users\2\AppData\Local\openvr\openvrpaths.vrpath
JavaScript error: chrome://global/content/viewZoomOverlay.js, line 47: TypeError: zoom is undefined
JavaScript error: resource:///modules/ZoomUI.jsm, line 69: TypeError: win.gBrowser is undefined
Unable to read VR Path Registry from C:\Users\2\AppData\Local\openvr\openvrpaths.vrpath
[Child 5928, Chrome_ChildThread] WARNING: pipe error: 109: file z:/build/build/src/ipc/chromium/src/chrome/common/ipc_channel_win.cc, line 346
[Child 5928, Chrome_ChildThread] WARNING: pipe error: 109: file z:/build/build/src/ipc/chromium/src/chrome/common/ipc_channel_win.cc, line 346
1515958437650	geckodriver	INFO	geckodriver 0.19.1
1515958437662	geckodriver	INFO	Listening on 127.0.0.1:65089
1515958440802	mozrunner::runner	INFO	Running command: "C:\\Program Files (x86)\\Mozilla Firefox\\firefox.exe" "-marionette" "-profile" "C:\\Users\\2\\AppData\\Local\\Temp\\rust_mozprofile.1HEJZ1ZXody6"
1515958442389	Marionette	INFO	Enabled via --marionette
Unable to read VR Path Registry from C:\Users\2\AppData\Local\openvr\openvrpaths.vrpath
[Child 10804, Chrome_ChildThread] WARNING: pipe error: 109: file z:/build/build/src/ipc/chromium/src/chrome/common/ipc_channel_win.cc, line 346
[Child 10804, Chrome_ChildThread] WARNING: pipe error: 109: file z:/build/build/src/ipc/chromium/src/chrome/common/ipc_channel_win.cc, line 346
1515958444846	Marionette	INFO	Listening on port 65098
1515958444999	Marionette	WARN	TLS certificate errors will be ignored for this session
1515958445146	Marionette	DEBUG	Register listener.js for window 4294967297
1515958445233	Marionette	DEBUG	Received DOM event "beforeunload" for "about:blank"
1515958445839	Marionette	DEBUG	Received DOM event "pagehide" for "about:blank"
1515958445839	Marionette	DEBUG	Received DOM event "unload" for "about:blank"
1515958446857	Marionette	DEBUG	Received DOM event "DOMContentLoaded" for "https://www.google.pl/search?q=agencja%20seo&num=100"
1515958447754	Marionette	DEBUG	Received DOM event "pageshow" for "https://www.google.pl/search?q=agencja%20seo&num=100"
